<?xml version="1.0" encoding="UTF-8"?>
<!-- Generated by org.testng.reporters.JUnitReportReporter -->
<testsuite skipped="2" hostname="DESKTOP-17JJ3GD" name="com.Redbus.TestCases.LoginTestRedbus" tests="3" failures="0" timestamp="22 Sep 2020 08:14:04 GMT" time="0.007" errors="1">
  <testcase name="setup" time="0.000" classname="com.Redbus.TestCases.LoginTestRedbus">
    <error type="org.testng.TestNGException" message="
Parameter &#039;Browers&#039; is required by @Configuration on method setup but has not been marked @Optional or defined
in C:\Users\dude\git\GmailFreamWork\RedBus\XMLfiles\testng.xml">
      <![CDATA[org.testng.TestNGException: 
Parameter 'Browers' is required by @Configuration on method setup but has not been marked @Optional or defined
in C:\Users\dude\git\GmailFreamWork\RedBus\XMLfiles\testng.xml
	at org.testng.internal.Parameters.createParameters(Parameters.java:156)
	at org.testng.internal.Parameters.createParameters(Parameters.java:370)
	at org.testng.internal.Parameters.createConfigurationParameters(Parameters.java:86)
	at org.testng.internal.Invoker.invokeConfigurations(Invoker.java:202)
	at org.testng.internal.Invoker.invokeConfigurations(Invoker.java:143)
	at org.testng.internal.TestMethodWorker.invokeBeforeClassMethods(TestMethodWorker.java:169)
	at org.testng.internal.TestMethodWorker.run(TestMethodWorker.java:108)
	at org.testng.TestRunner.privateRun(TestRunner.java:753)
	at org.testng.TestRunner.run(TestRunner.java:607)
	at org.testng.SuiteRunner.runTest(SuiteRunner.java:368)
	at org.testng.SuiteRunner.runSequentially(SuiteRunner.java:363)
	at org.testng.SuiteRunner.privateRun(SuiteRunner.java:321)
	at org.testng.SuiteRunner.run(SuiteRunner.java:270)
	at org.testng.SuiteRunnerWorker.runSuite(SuiteRunnerWorker.java:52)
	at org.testng.SuiteRunnerWorker.run(SuiteRunnerWorker.java:86)
	at org.testng.TestNG.runSuitesSequentially(TestNG.java:1284)
	at org.testng.TestNG.runSuitesLocally(TestNG.java:1209)
	at org.testng.TestNG.runSuites(TestNG.java:1124)
	at org.testng.TestNG.run(TestNG.java:1096)
	at org.testng.remote.AbstractRemoteTestNG.run(AbstractRemoteTestNG.java:132)
	at org.testng.remote.RemoteTestNG.initAndRun(RemoteTestNG.java:236)
	at org.testng.remote.RemoteTestNG.main(RemoteTestNG.java:81)
]]>
    </error>
  </testcase> <!-- setup -->
  <testcase name="loginpage2" time="0.002" classname="com.Redbus.TestCases.LoginTestRedbus">
    <skipped/>
  </testcase> <!-- loginpage2 -->
  <testcase name="loginpage" time="0.005" classname="com.Redbus.TestCases.LoginTestRedbus">
    <skipped/>
  </testcase> <!-- loginpage -->
</testsuite> <!-- com.Redbus.TestCases.LoginTestRedbus -->
